2023-07-06 10:15:30 [INFO] Application started
2023-07-06 10:16:12 [DEBUG] Initializing database connection
2023-07-06 10:17:05 [ERROR] Database connection failed: Timeout reached
2023-07-06 10:18:20 [WARNING] Disk space is running low
2023-07-06 10:19:40 [INFO] User logged in: john_doe
2023-07-06 10:20:15 [DEBUG] Processing request: GET /api/users
2023-07-06 10:21:02 [INFO] Request completed successfully: GET /api/users
2023-07-06 10:22:18 [ERROR] Request failed: POST /api/products
2023-07-06 10:23:35 [INFO] User logged out: john_doe
2023-07-06 10:24:10 [DEBUG] Shutting down application
2023-07-06 10:25:00 [INFO] Application terminated

2023-07-06 11:01:20 [INFO] Application started
2023-07-06 11:02:15 [DEBUG] Initializing database connection
2023-07-06 11:03:02 [ERROR] Database connection failed: Invalid credentials
2023-07-06 11:04:18 [WARNING] Disk space is running low
2023-07-06 11:05:35 [INFO] User logged in: jane_smith
2023-07-06 11:06:10 [DEBUG] Processing request: GET /api/orders
2023-07-06 11:07:25 [INFO] Request completed successfully: GET /api/orders
2023-07-06 11:08:45 [ERROR] Request failed: POST /api/orders
2023-07-06 11:09:50 [INFO] User logged out: jane_smith
2023-07-06 11:10:30 [DEBUG] Shutting down application
2023-07-06 11:11:15 [INFO] Application terminated